<?xml version="1.0" encoding="UTF-8"?>
<testsuite name="TestDoubleExample" tests="1" skipped="0" failures="0" errors="0" timestamp="2024-05-13T05:50:56" hostname="MacBook-Pro-2.local" time="0.471">
  <properties/>
  <testcase name="UsingStub_WithOutTooMuchTimeWastingRepository()" classname="TestDoubleExample" time="0.471"/>
  <system-out><![CDATA[Success
]]></system-out>
  <system-err><![CDATA[]]></system-err>
</testsuite>
