<?xml version="1.0" encoding="UTF-8"?>
<testsuite name="RockSissorPaperMachineTest_Mockito" tests="1" skipped="0" failures="0" errors="0" timestamp="2024-05-13T04:33:00" hostname="MacBook-Pro-2.local" time="0.521">
  <properties/>
  <testcase name="Rock_Win_Sissors()" classname="RockSissorPaperMachineTest_Mockito" time="0.521"/>
  <system-out><![CDATA[]]></system-out>
  <system-err><![CDATA[]]></system-err>
</testsuite>
